Compiling the C compiler identification source file "CMakeCCompilerId.c" failed.
Compiler: /Applications/Xcode.app/Contents/Developer/Toolchains/XcodeDefault.xctoolchain/usr/bin/cc 
Build flags: 
Id flags:  

The output was:
1
ld: library not found for -lSystem
clang: error: linker command failed with exit code 1 (use -v to see invocation)


Compiling the CXX compiler identification source file "CMakeCXXCompilerId.cpp" failed.
Compiler: /Applications/Xcode.app/Contents/Developer/Toolchains/XcodeDefault.xctoolchain/usr/bin/c++ 
Build flags: 
Id flags:  

The output was:
1
ld: library not found for -lc++
clang: error: linker command failed with exit code 1 (use -v to see invocation)


Performing C++ SOURCE FILE Test HAS_FLTO_THIN failed with the following output:
Change Dir: /Users/petedowney/Documents/GitHub/WaveCollapse/build/temp.macosx-10.9-x86_64-cpython-310/WaveCollapseInterface/CMakeFiles/CMakeTmp

Run Build Command(s):/usr/bin/make -f Makefile cmTC_2b328/fast && /Applications/Xcode.app/Contents/Developer/usr/bin/make  -f CMakeFiles/cmTC_2b328.dir/build.make CMakeFiles/cmTC_2b328.dir/build
Building CXX object CMakeFiles/cmTC_2b328.dir/src.cxx.o
/Applications/Xcode.app/Contents/Developer/Toolchains/XcodeDefault.xctoolchain/usr/bin/c++ -DHAS_FLTO_THIN  -isysroot /Applications/Xcode.app/Contents/Developer/Platforms/MacOSX.platform/Developer/SDKs/MacOSX13.1.sdk   -flto -std=gnu++2a -MD -MT CMakeFiles/cmTC_2b328.dir/src.cxx.o -MF CMakeFiles/cmTC_2b328.dir/src.cxx.o.d -o CMakeFiles/cmTC_2b328.dir/src.cxx.o -c /Users/petedowney/Documents/GitHub/WaveCollapse/build/temp.macosx-10.9-x86_64-cpython-310/WaveCollapseInterface/CMakeFiles/CMakeTmp/src.cxx
Linking CXX executable cmTC_2b328
/usr/local/Cellar/cmake/3.21.3_1/bin/cmake -E cmake_link_script CMakeFiles/cmTC_2b328.dir/link.txt --verbose=1
/Applications/Xcode.app/Contents/Developer/Toolchains/XcodeDefault.xctoolchain/usr/bin/c++  -isysroot /Applications/Xcode.app/Contents/Developer/Platforms/MacOSX.platform/Developer/SDKs/MacOSX13.1.sdk -Wl,-search_paths_first -Wl,-headerpad_max_install_names CMakeFiles/cmTC_2b328.dir/src.cxx.o -o cmTC_2b328  -flto= 
clang: error: unsupported argument '' to option 'flto='
make[1]: *** [cmTC_2b328] Error 1
make: *** [cmTC_2b328/fast] Error 2


Source file was:
int main() { return 0; }
